<?xml version="1.0" encoding="UTF-8"?>
<testng-results skipped="0" failed="0" ignored="1" total="4" passed="3">
  <reporter-output>
  </reporter-output>
  <suite name="Suite" duration-ms="102472" started-at="2019-04-08T06:39:31Z" finished-at="2019-04-08T06:41:13Z">
    <groups>
    </groups>
    <test name="Login" duration-ms="37924" started-at="2019-04-08T06:39:31Z" finished-at="2019-04-08T06:40:08Z">
      <class name="xamplifyLive.Login">
        <test-method status="PASS" signature="start()[pri:1, instance:xamplifyLive.Login@6404f418]" name="start" duration-ms="16866" started-at="2019-04-08T06:39:31Z" finished-at="2019-04-08T06:39:48Z">
          <reporter-output>
          </reporter-output>
        </test-method> <!-- start -->
        <test-method status="PASS" signature="login()[pri:2, instance:xamplifyLive.Login@6404f418]" name="login" duration-ms="20784" started-at="2019-04-08T06:39:48Z" finished-at="2019-04-08T06:40:08Z">
          <reporter-output>
          </reporter-output>
        </test-method> <!-- login -->
      </class> <!-- xamplifyLive.Login -->
    </test> <!-- Login -->
    <test name="Team" duration-ms="64259" started-at="2019-04-08T06:40:09Z" finished-at="2019-04-08T06:41:13Z">
      <class name="xamplifyLive.Team">
        <test-method status="PASS" signature="team()[pri:45, instance:xamplifyLive.Team@d9345cd]" name="team" duration-ms="64255" started-at="2019-04-08T06:40:09Z" finished-at="2019-04-08T06:41:13Z">
          <reporter-output>
          </reporter-output>
        </test-method> <!-- team -->
      </class> <!-- xamplifyLive.Team -->
    </test> <!-- Team -->
  </suite> <!-- Suite -->
</testng-results>
