<?xml version="1.0" encoding="UTF-8"?>
<!-- Generated by org.testng.reporters.JUnitXMLReporter -->
<testsuite hostname="LAP032" ignored="0" name="EmailCampaign" tests="6" failures="0" timestamp="03 Apr 2019 12:51:10 GMT" time="3226.027" errors="0">
  <testcase name="email_savetest" time="67.648" classname="xamplifyLive.EmailCampaign"/>
  <testcase name="email_now" time="22.168" classname="xamplifyLive.EmailCampaign"/>
  <testcase name="email_schedule" time="83.399" classname="xamplifyLive.EmailCampaign"/>
  <testcase name="email_savetest1" time="42.38" classname="xamplifyLive.EmailCampaign"/>
  <testcase name="email_now1" time="47.495" classname="xamplifyLive.EmailCampaign"/>
  <testcase name="email_schedule1" time="68.739" classname="xamplifyLive.EmailCampaign"/>
</testsuite> <!-- EmailCampaign -->
