<?xml version="1.0" encoding="UTF-8"?>
<!-- Generated by org.testng.reporters.JUnitXMLReporter -->
<testsuite hostname="LAP032" ignored="1" name="Login" tests="2" failures="0" timestamp="10 Apr 2019 06:25:36 GMT" time="30.423" errors="0">
  <testcase name="start" time="9.485" classname="xamplifyLive.Login"/>
  <testcase name="login" time="20.735" classname="xamplifyLive.Login"/>
  <testcase name="registration_vendor" time="0.0" classname="xamplifyLive.Login">
    <ignored/>
  </testcase> <!-- registration_vendor -->
</testsuite> <!-- Login -->
