<?xml version="1.0" encoding="UTF-8"?>
<!-- Generated by org.testng.reporters.JUnitXMLReporter -->
<testsuite hostname="LAP032" ignored="1" name="Login" tests="2" failures="0" timestamp="08 Apr 2019 06:40:09 GMT" time="37.924" errors="0">
  <testcase name="start" time="16.866" classname="xamplifyLive.Login"/>
  <testcase name="login" time="20.784" classname="xamplifyLive.Login"/>
  <testcase name="registration_vendor" time="0.0" classname="xamplifyLive.Login">
    <ignored/>
  </testcase> <!-- registration_vendor -->
</testsuite> <!-- Login -->
