<?xml version="1.0" encoding="UTF-8"?>
<!-- Generated by org.testng.reporters.JUnitXMLReporter -->
<testsuite hostname="LAP032" ignored="0" name="VideoCampaign" tests="8" failures="0" timestamp="03 Apr 2019 13:32:02 GMT" time="2451.973" errors="0">
  <testcase name="vde_autovistit1" time="16.88" classname="xamplifyLive.VideoCampaign"/>
  <testcase name="vde_autovistit2" time="64.106" classname="xamplifyLive.VideoCampaign"/>
  <testcase name="vde_autovistit3" time="57.174" classname="xamplifyLive.VideoCampaign"/>
  <testcase name="vde_autovistitemail1" time="42.042" classname="xamplifyLive.VideoCampaign"/>
  <testcase name="vde_autovistitemail2" time="83.507" classname="xamplifyLive.VideoCampaign"/>
  <testcase name="vde_autovistitemail3" time="42.141" classname="xamplifyLive.VideoCampaign"/>
  <testcase name="vde_autovistitemail4" time="42.512" classname="xamplifyLive.VideoCampaign"/>
  <testcase name="vde_autovistitemail5" time="42.078" classname="xamplifyLive.VideoCampaign"/>
</testsuite> <!-- VideoCampaign -->
